Settings:
  Output files: "tophat_out-IMB211_All_INTERNODE.fq/tmp/segment_juncs.*.bt2"
  Line rate: 6 (line is 64 bytes)
  Lines per side: 1 (side is 64 bytes)
  Offset rate: 4 (one in 16)
  FTable chars: 10
  Strings: unpacked
  Max bucket size: default
  Max bucket size, sqrt multiplier: default
  Max bucket size, len divisor: 4
  Difference-cover sample period: 1024
  Endianness: little
  Actual local endianness: little
  Sanity checking: disabled
  Assertions: disabled
  Random seed: 0
  Sizeofs: void*:8, int:4, long:8, size_t:8
Input files DNA, FASTA:
  tophat_out-IMB211_All_INTERNODE.fq/tmp/segment_juncs.fa
Reading reference sizes
  Time reading reference sizes: 00:00:01
Calculating joined length
Writing header
Reserving space for joined string
Joining reference sequences
  Time to join reference sequences: 00:00:00
bmax according to bmaxDivN setting: 3662727
Using parameters --bmax 2747046 --dcv 1024
  Doing ahead-of-time memory usage test
  Passed!  Constructing with these parameters: --bmax 2747046 --dcv 1024
Constructing suffix-array element generator
Building DifferenceCoverSample
  Building sPrime
  Building sPrimeOrder
  V-Sorting samples
  V-Sorting samples time: 00:00:00
  Allocating rank array
  Ranking v-sort output
  Ranking v-sort output time: 00:00:00
  Invoking Larsson-Sadakane on ranks
  Invoking Larsson-Sadakane on ranks time: 00:00:01
  Sanity-checking and returning
Building samples
Reserving space for 12 sample suffixes
Generating random suffixes
QSorting 12 sample offsets, eliminating duplicates
QSorting sample offsets, eliminating duplicates time: 00:00:00
Multikey QSorting 12 samples
  (Using difference cover)
  Multikey QSorting samples time: 00:00:00
Calculating bucket sizes
  Binary sorting into buckets
  10%
  20%
  30%
  40%
  50%
  60%
  70%
  80%
  90%
  100%
  Binary sorting into buckets time: 00:00:00
Splitting and merging
  Splitting and merging time: 00:00:00
Split 2, merged 7; iterating...
  Binary sorting into buckets
  10%
  20%
  30%
  40%
  50%
  60%
  70%
  80%
  90%
  100%
  Binary sorting into buckets time: 00:00:01
Splitting and merging
  Splitting and merging time: 00:00:00
Split 1, merged 1; iterating...
  Binary sorting into buckets
  10%
  20%
  30%
  40%
  50%
  60%
  70%
  80%
  90%
  100%
  Binary sorting into buckets time: 00:00:00
Splitting and merging
  Splitting and merging time: 00:00:00
Avg bucket size: 1.83136e+06 (target: 2747045)
Converting suffix-array elements to index image
Allocating ftab, absorbFtab
Entering Ebwt loop
Getting block 1 of 8
  Reserving size (2747046) for bucket
  Calculating Z arrays
  Calculating Z arrays time: 00:00:00
  Entering block accumulator loop:
  10%
  20%
  30%
  40%
  50%
  60%
  70%
  80%
  90%
  100%
  Block accumulator loop time: 00:00:01
  Sorting block of length 1742724
  (Using difference cover)
  Sorting block time: 00:00:00
Returning block of 1742725
Getting block 2 of 8
  Reserving size (2747046) for bucket
  Calculating Z arrays
  Calculating Z arrays time: 00:00:00
  Entering block accumulator loop:
  10%
  20%
  30%
  40%
  50%
  60%
  70%
  80%
  90%
  100%
  Block accumulator loop time: 00:00:00
  Sorting block of length 1648248
  (Using difference cover)
  Sorting block time: 00:00:01
Returning block of 1648249
Getting block 3 of 8
  Reserving size (2747046) for bucket
  Calculating Z arrays
  Calculating Z arrays time: 00:00:00
  Entering block accumulator loop:
  10%
  20%
  30%
  40%
  50%
  60%
  70%
  80%
  90%
  100%
  Block accumulator loop time: 00:00:00
  Sorting block of length 2679323
  (Using difference cover)
  Sorting block time: 00:00:01
Returning block of 2679324
Getting block 4 of 8
  Reserving size (2747046) for bucket
  Calculating Z arrays
  Calculating Z arrays time: 00:00:00
  Entering block accumulator loop:
  10%
  20%
  30%
  40%
  50%
  60%
  70%
  80%
  90%
  100%
  Block accumulator loop time: 00:00:00
  Sorting block of length 1522140
  (Using difference cover)
  Sorting block time: 00:00:01
Returning block of 1522141
Getting block 5 of 8
  Reserving size (2747046) for bucket
  Calculating Z arrays
  Calculating Z arrays time: 00:00:00
  Entering block accumulator loop:
  10%
  20%
  30%
  40%
  50%
  60%
  70%
  80%
  90%
  100%
  Block accumulator loop time: 00:00:00
  Sorting block of length 1791229
  (Using difference cover)
  Sorting block time: 00:00:01
Returning block of 1791230
Getting block 6 of 8
  Reserving size (2747046) for bucket
  Calculating Z arrays
  Calculating Z arrays time: 00:00:00
  Entering block accumulator loop:
  10%
  20%
  30%
  40%
  50%
  60%
  70%
  80%
  90%
  100%
  Block accumulator loop time: 00:00:00
  Sorting block of length 2156079
  (Using difference cover)
  Sorting block time: 00:00:01
Returning block of 2156080
Getting block 7 of 8
  Reserving size (2747046) for bucket
  Calculating Z arrays
  Calculating Z arrays time: 00:00:00
  Entering block accumulator loop:
  10%
  20%
  30%
  40%
  50%
  60%
  70%
  80%
  90%
  100%
  Block accumulator loop time: 00:00:00
  Sorting block of length 2517718
  (Using difference cover)
  Sorting block time: 00:00:01
Returning block of 2517719
Getting block 8 of 8
  Reserving size (2747046) for bucket
  Calculating Z arrays
  Calculating Z arrays time: 00:00:00
  Entering block accumulator loop:
  10%
  20%
  30%
  40%
  50%
  60%
  70%
  80%
  90%
  100%
  Block accumulator loop time: 00:00:00
  Sorting block of length 593441
  (Using difference cover)
  Sorting block time: 00:00:00
Returning block of 593442
Exited Ebwt loop
fchr[A]: 0
fchr[C]: 4117711
fchr[G]: 7314565
fchr[T]: 10452293
fchr[$]: 14650909
Exiting Ebwt::buildToDisk()
Returning from initFromVector
Wrote 27593402 bytes to primary EBWT file: tophat_out-IMB211_All_INTERNODE.fq/tmp/segment_juncs.1.bt2
Wrote 3662732 bytes to secondary EBWT file: tophat_out-IMB211_All_INTERNODE.fq/tmp/segment_juncs.2.bt2
Re-opening _in1 and _in2 as input streams
Returning from Ebwt constructor
Headers:
    len: 14650909
    bwtLen: 14650910
    sz: 3662728
    bwtSz: 3662728
    lineRate: 6
    offRate: 4
    offMask: 0xfffffff0
    ftabChars: 10
    eftabLen: 20
    eftabSz: 80
    ftabLen: 1048577
    ftabSz: 4194308
    offsLen: 915682
    offsSz: 3662728
    lineSz: 64
    sideSz: 64
    sideBwtSz: 48
    sideBwtLen: 192
    numSides: 76307
    numLines: 76307
    ebwtTotLen: 4883648
    ebwtTotSz: 4883648
    color: 0
    reverse: 0
Total time for call to driver() for forward index: 00:00:11
Reading reference sizes
  Time reading reference sizes: 00:00:00
Calculating joined length
Writing header
Reserving space for joined string
Joining reference sequences
  Time to join reference sequences: 00:00:01
  Time to reverse reference sequence: 00:00:00
bmax according to bmaxDivN setting: 3662727
Using parameters --bmax 2747046 --dcv 1024
  Doing ahead-of-time memory usage test
  Passed!  Constructing with these parameters: --bmax 2747046 --dcv 1024
Constructing suffix-array element generator
Building DifferenceCoverSample
  Building sPrime
  Building sPrimeOrder
  V-Sorting samples
  V-Sorting samples time: 00:00:00
  Allocating rank array
  Ranking v-sort output
  Ranking v-sort output time: 00:00:00
  Invoking Larsson-Sadakane on ranks
  Invoking Larsson-Sadakane on ranks time: 00:00:00
  Sanity-checking and returning
Building samples
Reserving space for 12 sample suffixes
Generating random suffixes
QSorting 12 sample offsets, eliminating duplicates
QSorting sample offsets, eliminating duplicates time: 00:00:00
Multikey QSorting 12 samples
  (Using difference cover)
  Multikey QSorting samples time: 00:00:00
Calculating bucket sizes
  Binary sorting into buckets
  10%
  20%
  30%
  40%
  50%
  60%
  70%
  80%
  90%
  100%
  Binary sorting into buckets time: 00:00:01
Splitting and merging
  Splitting and merging time: 00:00:00
Split 1, merged 7; iterating...
  Binary sorting into buckets
  10%
  20%
  30%
  40%
  50%
  60%
  70%
  80%
  90%
  100%
  Binary sorting into buckets time: 00:00:00
Splitting and merging
  Splitting and merging time: 00:00:00
Split 1, merged 0; iterating...
  Binary sorting into buckets
  10%
  20%
  30%
  40%
  50%
  60%
  70%
  80%
  90%
  100%
  Binary sorting into buckets time: 00:00:01
Splitting and merging
  Splitting and merging time: 00:00:00
Avg bucket size: 1.83136e+06 (target: 2747045)
Converting suffix-array elements to index image
Allocating ftab, absorbFtab
Entering Ebwt loop
Getting block 1 of 8
  Reserving size (2747046) for bucket
  Calculating Z arrays
  Calculating Z arrays time: 00:00:00
  Entering block accumulator loop:
  10%
  20%
  30%
  40%
  50%
  60%
  70%
  80%
  90%
  100%
  Block accumulator loop time: 00:00:00
  Sorting block of length 1667492
  (Using difference cover)
  Sorting block time: 00:00:01
Returning block of 1667493
Getting block 2 of 8
  Reserving size (2747046) for bucket
  Calculating Z arrays
  Calculating Z arrays time: 00:00:00
  Entering block accumulator loop:
  10%
  20%
  30%
  40%
  50%
  60%
  70%
  80%
  90%
  100%
  Block accumulator loop time: 00:00:00
  Sorting block of length 1446033
  (Using difference cover)
  Sorting block time: 00:00:00
Returning block of 1446034
Getting block 3 of 8
  Reserving size (2747046) for bucket
  Calculating Z arrays
  Calculating Z arrays time: 00:00:00
  Entering block accumulator loop:
  10%
  20%
  30%
  40%
  50%
  60%
  70%
  80%
  90%
  100%
  Block accumulator loop time: 00:00:01
  Sorting block of length 2544620
  (Using difference cover)
  Sorting block time: 00:00:00
Returning block of 2544621
Getting block 4 of 8
  Reserving size (2747046) for bucket
  Calculating Z arrays
  Calculating Z arrays time: 00:00:00
  Entering block accumulator loop:
  10%
  20%
  30%
  40%
  50%
  60%
  70%
  80%
  90%
  100%
  Block accumulator loop time: 00:00:00
  Sorting block of length 1796403
  (Using difference cover)
  Sorting block time: 00:00:00
Returning block of 1796404
Getting block 5 of 8
  Reserving size (2747046) for bucket
  Calculating Z arrays
  Calculating Z arrays time: 00:00:00
  Entering block accumulator loop:
  10%
  20%
  30%
  40%
  50%
  60%
  70%
  80%
  90%
  100%
  Block accumulator loop time: 00:00:00
  Sorting block of length 1453830
  (Using difference cover)
  Sorting block time: 00:00:00
Returning block of 1453831
Getting block 6 of 8
  Reserving size (2747046) for bucket
  Calculating Z arrays
  Calculating Z arrays time: 00:00:00
  Entering block accumulator loop:
  10%
  20%
  30%
  40%
  50%
  60%
  70%
  80%
  90%
  100%
  Block accumulator loop time: 00:00:01
  Sorting block of length 1771410
  (Using difference cover)
  Sorting block time: 00:00:00
Returning block of 1771411
Getting block 7 of 8
  Reserving size (2747046) for bucket
  Calculating Z arrays
  Calculating Z arrays time: 00:00:00
  Entering block accumulator loop:
  10%
  20%
  30%
  40%
  50%
  60%
  70%
  80%
  90%
  100%
  Block accumulator loop time: 00:00:00
  Sorting block of length 1923669
  (Using difference cover)
  Sorting block time: 00:00:01
Returning block of 1923670
Getting block 8 of 8
  Reserving size (2747046) for bucket
  Calculating Z arrays
  Calculating Z arrays time: 00:00:00
  Entering block accumulator loop:
  10%
  20%
  30%
  40%
  50%
  60%
  70%
  80%
  90%
  100%
  Block accumulator loop time: 00:00:00
  Sorting block of length 2047445
  (Using difference cover)
  Sorting block time: 00:00:01
Returning block of 2047446
Exited Ebwt loop
fchr[A]: 0
fchr[C]: 4117711
fchr[G]: 7314565
fchr[T]: 10452293
fchr[$]: 14650909
Exiting Ebwt::buildToDisk()
Returning from initFromVector
Wrote 27593402 bytes to primary EBWT file: tophat_out-IMB211_All_INTERNODE.fq/tmp/segment_juncs.rev.1.bt2
Wrote 3662732 bytes to secondary EBWT file: tophat_out-IMB211_All_INTERNODE.fq/tmp/segment_juncs.rev.2.bt2
Re-opening _in1 and _in2 as input streams
Returning from Ebwt constructor
Headers:
    len: 14650909
    bwtLen: 14650910
    sz: 3662728
    bwtSz: 3662728
    lineRate: 6
    offRate: 4
    offMask: 0xfffffff0
    ftabChars: 10
    eftabLen: 20
    eftabSz: 80
    ftabLen: 1048577
    ftabSz: 4194308
    offsLen: 915682
    offsSz: 3662728
    lineSz: 64
    sideSz: 64
    sideBwtSz: 48
    sideBwtLen: 192
    numSides: 76307
    numLines: 76307
    ebwtTotLen: 4883648
    ebwtTotSz: 4883648
    color: 0
    reverse: 1
Total time for backward call to driver() for mirror index: 00:00:11
