segment_juncs v2.0.14 (4318)
---------------------------
[samopen] SAM header is present: 10 sequences.
Loading reference sequences...
	Loading A01...done
	Loading A02...done
	Loading A03...done
	Loading A04...done
	Loading A05...done
	Loading A06...done
	Loading A07...done
	Loading A08...done
	Loading A09...done
	Loading A10...done
	Loading ...done
>> Performing segment-search:
Loading left segment hits...
done.
	found 293019 potential split-segment junctions
	found 14076 potential small deletions
	found 20676 potential small insertions
Reported 293019 total potential splices
Reporting 14076 potential deletions...
Reporting 20676 potential insertions...
Reporting potential fusions...
